Initial System Analysis:
{
  "security": {
    "analysis": "The system is running Ubuntu 22.04.5 LTS with a kernel version of 6.8.0-49-generic. The memory usage is moderate, with 2.9Gi used out of 7.4Gi total, and the swap usage is also reasonable. The disk space is utilized at 47%, which is acceptable. However, the system is not booted with systemd, which limits the ability to manage services effectively. The load average indicates that the system is under some load, but there are no active users. The network configuration shows that the system has a loopback interface and an active Ethernet interface with a private IP address. Overall, the system appears to be stable but lacks proper service management capabilities due to the absence of systemd.",
    "recommendations": [
      {
        "command": "sudo apt update && sudo apt upgrade",
        "purpose": "To ensure that all packages are up to date, which can help mitigate security vulnerabilities.",
        "priority": 1,
        "requires_sudo": true,
        "category": "Maintenance"
      },
      {
        "command": "sudo ufw enable",
        "purpose": "To enable the Uncomplicated Firewall (UFW) for better network security.",
        "priority": 2,
        "requires_sudo": true,
        "category": "Security"
      },
      {
        "command": "sudo apt install fail2ban",
        "purpose": "To install Fail2Ban, which helps protect against brute-force attacks.",
        "priority": 3,
        "requires_sudo": true,
        "category": "Security"
      },
      {
        "command": "sudo apt install auditd",
        "purpose": "To install the audit daemon for monitoring system calls and tracking security-relevant events.",
        "priority": 4,
        "requires_sudo": true,
        "category": "Security"
      },
      {
        "command": "sudo apt install systemd",
        "purpose": "To install systemd to enable service management and improve system capabilities.",
        "priority": 5,
        "requires_sudo": true,
        "category": "Configuration"
      }
    ]
  },
  "packages": {
    "analysis": "The current system is running Ubuntu 22.04.5 LTS with a kernel version of 6.8.0-49-generic. The system has 7.4 GiB of total memory, with approximately 2.9 GiB used and 3.8 GiB available. Disk usage is at 47%, with 103 GiB used out of 234 GiB total. The system has 336 installed packages. However, there is an issue with service management as the system is not booted with systemd, which limits the ability to manage services effectively. The CPU is an Intel Core i5-8265U, and the load average indicates moderate usage over the past 1, 5, and 15 minutes.",
    "recommendations": [
      {
        "command": "apt update",
        "purpose": "Update the package index to ensure the latest package information is available.",
        "priority": 1,
        "requires_sudo": true,
        "category": "Package Management"
      },
      {
        "command": "apt upgrade",
        "purpose": "Upgrade all installed packages to their latest versions.",
        "priority": 1,
        "requires_sudo": true,
        "category": "Package Management"
      },
      {
        "command": "apt autoremove",
        "purpose": "Remove unnecessary packages that were automatically installed to satisfy dependencies for other packages and are no longer needed.",
        "priority": 2,
        "requires_sudo": true,
        "category": "Package Management"
      },
      {
        "command": "apt install <package_name>",
        "purpose": "Install a specific package if needed, replacing <package_name> with the desired package name.",
        "priority": 3,
        "requires_sudo": true,
        "category": "Package Management"
      },
      {
        "command": "dpkg --get-selections | grep deinstall",
        "purpose": "List packages that are marked for deinstallation, allowing for cleanup of package management.",
        "priority": 3,
        "requires_sudo": false,
        "category": "Package Management"
      }
    ]
  },
  "network": {
    "analysis": "The current system is running Ubuntu 22.04.5 LTS with a kernel version of 6.8.0-49-generic. The system has 7.4 GiB of memory, with 2.9 GiB used and 4.1 GiB available. Disk usage is at 47% on a 234 GiB filesystem. The network configuration shows a loopback interface and an active Ethernet interface (eth0) with an IP address of 172.18.0.2/16. However, there is an issue with service management as the system is not booted with systemd, which may affect network service configurations. The load average indicates moderate usage, which could be a concern if the system is expected to handle more processes or users.",
    "recommendations": [
      {
        "command": "sudo systemctl restart networking",
        "purpose": "Restart the networking service to ensure all configurations are applied correctly.",
        "priority": 1,
        "requires_sudo": true,
        "category": "network configuration"
      },
      {
        "command": "ip a",
        "purpose": "Check the current network interfaces and their IP addresses to verify connectivity.",
        "priority": 2,
        "requires_sudo": false,
        "category": "network monitoring"
      },
      {
        "command": "sudo apt update && sudo apt upgrade",
        "purpose": "Update the package list and upgrade installed packages to ensure the system is secure and up-to-date.",
        "priority": 3,
        "requires_sudo": true,
        "category": "system maintenance"
      },
      {
        "command": "sudo iptables -L",
        "purpose": "List current firewall rules to ensure that there are no misconfigurations that could affect network traffic.",
        "priority": 4,
        "requires_sudo": true,
        "category": "security"
      },
      {
        "command": "sudo systemctl enable network-manager",
        "purpose": "Enable Network Manager to manage network interfaces if not already enabled.",
        "priority": 5,
        "requires_sudo": true,
        "category": "network configuration"
      }
    ]
  },
  "services": {
    "analysis": "The system is running Ubuntu 22.04.5 LTS with a kernel version of 6.8.0-49-generic. The memory usage is moderate with 2.9Gi used and 3.8Gi available. The disk usage is at 47%, indicating sufficient space for operations. The network interfaces are operational, but there is an issue with the systemd service management as it appears the system has not booted with systemd, which limits the ability to manage services effectively. The load average is relatively low, suggesting that the system is not under heavy load at this time.",
    "recommendations": [
      {
        "command": "sudo systemctl reboot",
        "purpose": "Reboot the system to ensure it starts with systemd as the init system.",
        "priority": 1,
        "requires_sudo": true,
        "category": "System Management"
      },
      {
        "command": "sudo apt update && sudo apt upgrade",
        "purpose": "Update and upgrade installed packages to ensure the system is secure and up-to-date.",
        "priority": 2,
        "requires_sudo": true,
        "category": "Package Management"
      },
      {
        "command": "free -h",
        "purpose": "Check memory usage and ensure there is enough available memory for applications.",
        "priority": 3,
        "requires_sudo": false,
        "category": "Monitoring"
      },
      {
        "command": "df -h",
        "purpose": "Check disk usage to monitor available space and prevent potential issues.",
        "priority": 3,
        "requires_sudo": false,
        "category": "Monitoring"
      }
    ]
  },
  "monitor": {
    "analysis": "The system is running Ubuntu 22.04.5 LTS with a Linux kernel version 6.8.0-49-generic. The memory usage shows 2.9 GiB used out of 7.4 GiB total, with 3.8 GiB available, indicating that the system has sufficient memory resources. Disk usage is at 47% for the primary filesystem, which is acceptable. The load average indicates moderate usage with values of 2.34, 1.78, and 1.94 over the last 1, 5, and 15 minutes, respectively. However, there are no active users logged in, and the services command failed due to the system not using systemd as the init system. This suggests that the system may be running in a containerized environment where systemd is not available.",
    "recommendations": [
      {
        "command": "sudo apt update && sudo apt upgrade",
        "purpose": "To update the package list and upgrade installed packages to their latest versions.",
        "priority": 1,
        "requires_sudo": true,
        "category": "Maintenance"
      },
      {
        "command": "free -h",
        "purpose": "To check the current memory usage and availability.",
        "priority": 2,
        "requires_sudo": false,
        "category": "Monitoring"
      },
      {
        "command": "df -h",
        "purpose": "To check the disk usage of all mounted filesystems.",
        "priority": 2,
        "requires_sudo": false,
        "category": "Monitoring"
      },
      {
        "command": "top",
        "purpose": "To monitor real-time system processes and resource usage.",
        "priority": 3,
        "requires_sudo": false,
        "category": "Monitoring"
      },
      {
        "command": "sudo systemctl start <service-name>",
        "purpose": "To start a specific service if needed, once the systemd issue is resolved.",
        "priority": 4,
        "requires_sudo": true,
        "category": "Service Management"
      }
    ]
  }
}
